2546136 1546734177 DKzLihLjD8JHk5ECxBYxbQh28yPb57vwH6 0.00039692
2606572 1550507934 DCULToFTHEDoLPHiNZZZZZZZZZZZZLkeq5 0.00039692
2677733 1554946102 DCULToFTHEDoLPHiNZZZZZZZZZZZZLkeq5 0.00039692
2685392 1555426073 DDDRAWiagm63G9aUQBuz56w5KpD8xthg5r 500.00039692
2686944 1555523192 DBRPFAKSsPPDFB4sjD2FSiWmFYbYU6NUVc 100.00039692
2782809 1561511167 DCxGNUxJoHNxDEARHEARTxxxxDxxxQvTAy 1.00039692
2786683 1561752869 DCxSUCHxMCAFEEx2o2oxWiNNERxxJocqMj 1.00039692
2794716 1562254766 DCBTCPNa1B8p3LvrsVH6Xxp5wzzE1FWLA8 0.00039692
2794718 1562254835 DCBTCPNb2HtGQwYQ3hpdL1t6yzzDs5GjTB 0.00039692
2800148 1562593655 DCULToFTHEDoLPHiNZZZZZZZZZZZZLkeq5 1.00039692
2814264 1563476220 DKVPV1ryZ3pR5NMzfZ9L39AePbPajQXkUA 1.00039692
2816034 1563587973 DCxDoGSTEREGGHUNTzzzzzzzzzzzyxbjJh 1.00039692
2818414 1563735754 DCxJoHNxEDWARDxMCDEWyGULLzzzsiyj1W 1.00039692
2819948 1563832145 DCxTHExMEDiUMxiSxTHExMESSAGEwn2k8L 1.00039692
2826890 1564266688 DRLqVyaPAfKSmXef1Y5cNomTLcs7W8xTp1 0.00039692
2828011 1564336564 DCxJoHNxEDWARDxMCDEWyGULLzzzsiyj1W 1.00039692
2833429 1564676537 DCxDoGSTEREGGHUNTzzzzzzzzzzzyxbjJh 1.00039692
2835274 1564791880 DCxMEDiUMxiSxTHExMESSAGEzzzzvZy36H 1.00039692
2835278 1564792240 AADiMECASHzzzzzzzzzzzzzzzzzzyDMUGS 1.00039692
2836244 1564852633 9sDCxiPxADDRx1o4x248x156x22yzKvo4C 1.00039692
2836307 1564856790 DCxDoGSTEREGGHUNTzzzzzzzzzzzyxbjJh 1.00039692
2836362 1564860271 9sADVxSAToSHixCoDExooo39692z1dYhyQ 1.00039692
2838024 1564963846 DCxDoGSTEREGGHUNTzzzzzzzzzzzyxbjJh 1.00039692
2840213 1565101007 DEXB3g3BAmX28CLYg6jTZiet6vq2i4bUPP 90.00039692
2840215 1565101488 DKzLihLjD8JHk5ECxBYxbQh28yPb57vwH6 1.00039692
2844835 1565391732 DCxDoGSTEREGGHUNTzzzzzzzzzzzyxbjJh 1.00039692
2854075 1565968296 DCxDoGSTEREGGHUNTzzzzzzzzzzzyxbjJh 1.00039692
