2700000.txt:2764388 1560358715 DCxBRANiFUNBoYzzzzzzzDxxxxxxsTz5Cg 1.00064468
2700000.txt:2764925 1560392248 DCxxxxFiNNEGANSxWAKEzzzzzzzzyYeZHb 1.00037497
2700000.txt:2765501 1560428707 DCxxxDiAMoMDSzzzzzzxxxxxDxxy2TJDdK 1.00043182
2700000.txt:2771233 1560787546 DCxMCDoNALDSxRESTzzzzzzzzzDxx6h88N 1.00049034
2700000.txt:2790626 1561998958 DCxxHELiCALxSCANxTAPEzzzzzzz9SCt4G 1.00021121
2700000.txt:2790630 1561999285 DCxxHELiCALxSCANxTAPEzzzzzzz9SCt4G 1.00012112
2700000.txt:2790650 1562000692 DCxxHELiCALxSCANxTAPEzzzzzzz9SCt4G 1.00011211
2700000.txt:2790680 1562002646 DCxxHELiCALxSCANxTAPEzzzzzzz9SCt4G 1.00021121
2700000.txt:2790682 1562002798 DCxxHELiCALxSCANxTAPEzzzzzzz9SCt4G 1.00012112
2700000.txt:2794827 1562262007 DCxxHELiCALxSCANxTAPEzzzzzzz9SCt4G 0.00018726
2800000.txt:2806105 1562966187 DCxBLUExANDxGREENxCiRCLESzzzCVaqBx 1.11222211
2800000.txt:2806105 1562966187 DCxBLUExANDxGREENxCiRCLESzzzCVaqBx 2.12111121
2800000.txt:2806106 1562966263 DCxBLUExANDxGREENxCiRCLESzzzCVaqBx 3.21133112
2800000.txt:2806106 1562966263 DCxBLUExANDxGREENxCiRCLESzzzCVaqBx 4.21311312
2800000.txt:2806107 1562966349 DCxBLUExANDxGREENxCiRCLESzzzCVaqBx 5.21133112
2800000.txt:2806107 1562966349 DCxBLUExANDxGREENxCiRCLESzzzCVaqBx 6.12111121
2800000.txt:2806107 1562966349 DCxBLUExANDxGREENxCiRCLESzzzCVaqBx 7.11222211
2800000.txt:2806192 1562971611 DCxBLUExANDxGREENxCiRCLESzzzCVaqBx 45.21311312
2800000.txt:2814464 1563488522 DCxREALLYxBADxCHESSzzzzzzzzzBtcgF3 1.00049371
2800000.txt:2816034 1563587973 DCxDoGSTEREGGHUNTzzzzzzzzzzzyxbjJh 1.00039692
2800000.txt:2818414 1563735754 DCxJoHNxEDWARDxMCDEWyGULLzzzsiyj1W 1.00039692
2800000.txt:2828011 1564336564 DCxJoHNxEDWARDxMCDEWyGULLzzzsiyj1W 1.00039692
2800000.txt:2833429 1564676537 DCxDoGSTEREGGHUNTzzzzzzzzzzzyxbjJh 1.00039692
2800000.txt:2833436 1564676889 DCxDoGSTEREGGHUNTzzzzzzzzzzzyxbjJh 1.00029693
2800000.txt:2835274 1564791880 DCxMEDiUMxiSxTHExMESSAGEzzzzvZy36H 1.00039692
2800000.txt:2836307 1564856790 DCxDoGSTEREGGHUNTzzzzzzzzzzzyxbjJh 1.00039692
2800000.txt:2836314 1564857235 DCxDoGSTEREGGHUNTzzzzzzzzzzzyxbjJh 1.00029693
2800000.txt:2838024 1564963846 DCxDoGSTEREGGHUNTzzzzzzzzzzzyxbjJh 1.00039692
2800000.txt:2838031 1564964389 DCxDoGSTEREGGHUNTzzzzzzzzzzzyxbjJh 1.00029693
2800000.txt:2843068 1565280436 DCxCAPTAiNxNoDZGooDzzzzzzzzzJbYwRw 1.00014678
2800000.txt:2844476 1565369351 DCxDoGSTEREGGHUNTzzzzzzzzzzzyxbjJh 1.00029693
2800000.txt:2844835 1565391732 DCxDoGSTEREGGHUNTzzzzzzzzzzzyxbjJh 1.00039692
2800000.txt:2854075 1565968296 DCxDoGSTEREGGHUNTzzzzzzzzzzzyxbjJh 1.00039692
2800000.txt:2855542 1566060528 DCxDoGSTEREGGHUNTzzzzzzzzzzzyxbjJh 1.0009114
