\BOOKMARK [1][-]{section.1}{\376\377\000I\000n\000t\000r\000o\000d\000u\000c\000t\000i\000o\000n}{}% 1
\BOOKMARK [2][-]{subsection.1.1}{\376\377\000C\000o\000n\000t\000r\000i\000b\000u\000t\000i\000o\000n\000s}{section.1}% 2
\BOOKMARK [1][-]{section.2}{\376\377\000R\000e\000l\000a\000t\000e\000d\000\040\000W\000o\000r\000k}{}% 3
\BOOKMARK [2][-]{subsection.2.1}{\376\377\000P\000o\000s\000t\000-\000Q\000u\000a\000n\000t\000u\000m\000\040\000S\000i\000g\000n\000a\000t\000u\000r\000e\000\040\000A\000g\000g\000r\000e\000g\000a\000t\000i\000o\000n}{section.2}% 4
\BOOKMARK [2][-]{subsection.2.2}{\376\377\000C\000l\000a\000s\000s\000i\000c\000a\000l\000\040\000A\000g\000g\000r\000e\000g\000a\000t\000i\000o\000n\000\040\000T\000e\000c\000h\000n\000i\000q\000u\000e\000s}{section.2}% 5
\BOOKMARK [2][-]{subsection.2.3}{\376\377\000L\000i\000m\000i\000t\000a\000t\000i\000o\000n\000s\000\040\000o\000f\000\040\000E\000x\000i\000s\000t\000i\000n\000g\000\040\000A\000p\000p\000r\000o\000a\000c\000h\000e\000s}{section.2}% 6
\BOOKMARK [2][-]{subsection.2.4}{\376\377\000C\000o\000m\000p\000a\000r\000i\000s\000o\000n\000\040\000t\000o\000\040\0002\0000\0002\0005\000\040\000S\000t\000a\000t\000e\000-\000o\000f\000-\000t\000h\000e\000-\000A\000r\000t}{section.2}% 7
\BOOKMARK [2][-]{subsection.2.5}{\376\377\000P\000A\000T\000'\000s\000\040\000C\000o\000n\000t\000r\000i\000b\000u\000t\000i\000o\000n\000s}{section.2}% 8
\BOOKMARK [1][-]{section.3}{\376\377\000M\000a\000t\000e\000r\000i\000a\000l\000s\000\040\000a\000n\000d\000\040\000M\000e\000t\000h\000o\000d\000s}{}% 9
\BOOKMARK [2][-]{subsection.3.1}{\376\377\000P\000A\000T\000/\000P\000A\000W\000\040\000D\000e\000s\000i\000g\000n\000\040\000a\000n\000d\000\040\000I\000m\000p\000l\000e\000m\000e\000n\000t\000a\000t\000i\000o\000n}{section.3}% 10
\BOOKMARK [3][-]{subsubsection.3.1.1}{\376\377\000A\000l\000g\000o\000r\000i\000t\000h\000m\000\040\000D\000e\000s\000i\000g\000n}{subsection.3.1}% 11
\BOOKMARK [3][-]{subsubsection.3.1.2}{\376\377\000S\000o\000f\000t\000w\000a\000r\000e\000\040\000I\000m\000p\000l\000e\000m\000e\000n\000t\000a\000t\000i\000o\000n}{subsection.3.1}% 12
\BOOKMARK [3][-]{subsubsection.3.1.3}{\376\377\000B\000e\000n\000c\000h\000m\000a\000r\000k\000i\000n\000g\000\040\000M\000e\000t\000h\000o\000d\000o\000l\000o\000g\000y}{subsection.3.1}% 13
\BOOKMARK [3][-]{subsubsection.3.1.4}{\376\377\000Q\000u\000a\000n\000t\000u\000m\000\040\000S\000e\000c\000u\000r\000i\000t\000y\000\040\000A\000s\000s\000e\000s\000s\000m\000e\000n\000t}{subsection.3.1}% 14
\BOOKMARK [3][-]{subsubsection.3.1.5}{\376\377\000z\000k\000-\000S\000N\000A\000R\000K\000\040\000I\000n\000t\000e\000g\000r\000a\000t\000i\000o\000n}{subsection.3.1}% 15
\BOOKMARK [3][-]{subsubsection.3.1.6}{\376\377\000M\000u\000l\000t\000i\000-\000C\000h\000a\000i\000n\000\040\000A\000P\000I\000\040\000I\000n\000t\000e\000g\000r\000a\000t\000i\000o\000n}{subsection.3.1}% 16
\BOOKMARK [3][-]{subsubsection.3.1.7}{\376\377\000E\000c\000o\000n\000o\000m\000i\000c\000\040\000a\000n\000d\000\040\000E\000S\000G\000\040\000M\000o\000d\000e\000l\000i\000n\000g}{subsection.3.1}% 17
\BOOKMARK [3][-]{subsubsection.3.1.8}{\376\377\000G\000e\000n\000A\000I\000\040\000D\000i\000s\000c\000l\000o\000s\000u\000r\000e}{subsection.3.1}% 18
\BOOKMARK [1][-]{section.4}{\376\377\000T\000h\000e\000o\000r\000e\000t\000i\000c\000a\000l\000\040\000F\000o\000u\000n\000d\000a\000t\000i\000o\000n\000s}{}% 19
\BOOKMARK [2][-]{subsection.4.1}{\376\377\000D\000i\000l\000i\000t\000h\000i\000u\000m\000\040\000M\000L\000-\000D\000S\000A\000-\0004\0004\000\040\000O\000v\000e\000r\000v\000i\000e\000w}{section.4}% 20
\BOOKMARK [2][-]{subsection.4.2}{\376\377\000L\000o\000g\000a\000r\000i\000t\000h\000m\000i\000c\000\040\000H\000a\000s\000h\000i\000n\000g\000\040\000f\000o\000r\000\040\000C\000o\000m\000p\000r\000e\000s\000s\000i\000o\000n}{section.4}% 21
\BOOKMARK [2][-]{subsection.4.3}{\376\377\000M\000e\000r\000k\000l\000e\000-\000B\000a\000t\000c\000h\000\040\000T\000r\000e\000e\000s\000\040\000f\000o\000r\000\040\000V\000e\000r\000i\000f\000i\000a\000b\000l\000e\000\040\000P\000r\000o\000o\000f\000s}{section.4}% 22
\BOOKMARK [2][-]{subsection.4.4}{\376\377\000S\000e\000c\000u\000r\000i\000t\000y\000\040\000M\000o\000d\000e\000l}{section.4}% 23
\BOOKMARK [2][-]{subsection.4.5}{\376\377\000Q\000u\000a\000n\000t\000u\000m\000\040\000S\000e\000c\000u\000r\000i\000t\000y\000\040\000A\000n\000a\000l\000y\000s\000i\000s}{section.4}% 24
\BOOKMARK [2][-]{subsection.4.6}{\376\377\000L\000a\000t\000t\000i\000c\000e\000\040\000H\000a\000r\000d\000n\000e\000s\000s\000\040\000i\000n\000\040\000B\000l\000o\000c\000k\000c\000h\000a\000i\000n\000\040\000C\000o\000n\000t\000e\000x\000t\000s}{section.4}% 25
\BOOKMARK [3][-]{subsubsection.4.6.1}{\376\377\000M\000L\000W\000E\000/\000M\000S\000I\000S\000\040\000A\000s\000s\000u\000m\000p\000t\000i\000o\000n\000s}{subsection.4.6}% 26
\BOOKMARK [3][-]{subsubsection.4.6.2}{\376\377\000B\000l\000o\000c\000k\000c\000h\000a\000i\000n\000-\000S\000p\000e\000c\000i\000f\000i\000c\000\040\000Q\000u\000a\000n\000t\000u\000m\000\040\000A\000n\000a\000l\000y\000s\000i\000s}{subsection.4.6}% 27
\BOOKMARK [1][-]{section.5}{\376\377\000I\000m\000p\000l\000e\000m\000e\000n\000t\000a\000t\000i\000o\000n\000\040\000M\000e\000t\000h\000o\000d\000o\000l\000o\000g\000y}{}% 28
\BOOKMARK [2][-]{subsection.5.1}{\376\377\000S\000y\000s\000t\000e\000m\000\040\000A\000r\000c\000h\000i\000t\000e\000c\000t\000u\000r\000e}{section.5}% 29
\BOOKMARK [2][-]{subsection.5.2}{\376\377\000H\000y\000b\000r\000i\000d\000\040\000P\000Q\000-\000C\000l\000a\000s\000s\000i\000c\000a\000l\000\040\000S\000c\000h\000e\000m\000e\000s}{section.5}% 30
\BOOKMARK [2][-]{subsection.5.3}{\376\377\000Q\000u\000a\000n\000t\000u\000m\000\040\000S\000e\000c\000u\000r\000i\000t\000y\000\040\000S\000i\000m\000u\000l\000a\000t\000i\000o\000n\000s}{section.5}% 31
\BOOKMARK [2][-]{subsection.5.4}{\376\377\000F\000o\000r\000m\000a\000l\000\040\000S\000e\000c\000u\000r\000i\000t\000y\000\040\000P\000r\000o\000o\000f\000s}{section.5}% 32
\BOOKMARK [2][-]{subsection.5.5}{\376\377\000z\000k\000-\000S\000N\000A\000R\000K\000\040\000P\000r\000o\000o\000f\000\040\000I\000n\000t\000e\000g\000r\000a\000t\000i\000o\000n}{section.5}% 33
\BOOKMARK [3][-]{subsubsection.5.5.1}{\376\377\000T\000h\000r\000e\000a\000t\000\040\000A\000s\000s\000e\000s\000s\000m\000e\000n\000t\000\040\000M\000e\000c\000h\000a\000n\000i\000s\000m}{subsection.5.5}% 34
\BOOKMARK [2][-]{subsection.5.6}{\376\377\000C\000r\000o\000s\000s\000-\000C\000h\000a\000i\000n\000\040\000I\000n\000t\000e\000g\000r\000a\000t\000i\000o\000n}{section.5}% 35
\BOOKMARK [2][-]{subsection.5.7}{\376\377\000E\000c\000o\000n\000o\000m\000i\000c\000\040\000M\000o\000d\000e\000l\000i\000n\000g}{section.5}% 36
\BOOKMARK [2][-]{subsection.5.8}{\376\377\000E\000S\000G\000\040\000I\000m\000p\000a\000c\000t\000\040\000A\000s\000s\000e\000s\000s\000m\000e\000n\000t}{section.5}% 37
\BOOKMARK [1][-]{section.6}{\376\377\000R\000e\000s\000u\000l\000t\000s}{}% 38
\BOOKMARK [2][-]{subsection.6.1}{\376\377\000B\000e\000n\000c\000h\000m\000a\000r\000k\000\040\000R\000e\000s\000u\000l\000t\000s}{section.6}% 39
\BOOKMARK [2][-]{subsection.6.2}{\376\377\000E\000S\000G\000\040\000I\000m\000p\000a\000c\000t\000\040\000A\000n\000a\000l\000y\000s\000i\000s}{section.6}% 40
\BOOKMARK [2][-]{subsection.6.3}{\376\377\000E\000c\000o\000n\000o\000m\000i\000c\000\040\000A\000n\000a\000l\000y\000s\000i\000s}{section.6}% 41
\BOOKMARK [2][-]{subsection.6.4}{\376\377\000C\000a\000v\000e\000a\000t\000s}{section.6}% 42
\BOOKMARK [2][-]{subsection.6.5}{\376\377\000Q\000u\000a\000n\000t\000u\000m\000\040\000S\000e\000c\000u\000r\000i\000t\000y\000\040\000A\000s\000s\000e\000s\000s\000m\000e\000n\000t}{section.6}% 43
\BOOKMARK [3][-]{subsubsection.6.5.1}{\376\377\000Q\000u\000a\000n\000t\000u\000m\000\040\000A\000t\000t\000a\000c\000k\000\040\000M\000i\000t\000i\000g\000a\000t\000i\000o\000n\000s}{subsection.6.5}% 44
\BOOKMARK [2][-]{subsection.6.6}{\376\377\000M\000u\000l\000t\000i\000-\000C\000h\000a\000i\000n\000\040\000P\000e\000r\000f\000o\000r\000m\000a\000n\000c\000e}{section.6}% 45
\BOOKMARK [2][-]{subsection.6.7}{\376\377\000Q\000u\000a\000n\000t\000u\000m\000\040\000A\000t\000t\000a\000c\000k\000\040\000P\000r\000o\000b\000a\000b\000i\000l\000i\000t\000y\000\040\000A\000n\000a\000l\000y\000s\000i\000s}{section.6}% 46
\BOOKMARK [2][-]{subsection.6.8}{\376\377\000E\000c\000o\000n\000o\000m\000i\000c\000\040\000A\000d\000o\000p\000t\000i\000o\000n\000\040\000M\000o\000d\000e\000l\000i\000n\000g}{section.6}% 47
\BOOKMARK [2][-]{subsection.6.9}{\376\377\000E\000S\000G\000\040\000C\000r\000o\000s\000s\000-\000C\000h\000a\000i\000n\000\040\000C\000o\000m\000p\000a\000r\000i\000s\000o\000n}{section.6}% 48
\BOOKMARK [2][-]{subsection.6.10}{\376\377\000T\000h\000r\000o\000u\000g\000h\000p\000u\000t\000\040\000C\000o\000m\000p\000a\000r\000i\000s\000o\000n\000\040\000t\000o\000\040\000B\000l\000o\000c\000k\000c\000h\000a\000i\000n\000\040\000T\000P\000S}{section.6}% 49
\BOOKMARK [1][-]{section.7}{\376\377\000D\000i\000s\000c\000u\000s\000s\000i\000o\000n\000,\000\040\000I\000m\000p\000l\000i\000c\000a\000t\000i\000o\000n\000s\000,\000\040\000a\000n\000d\000\040\000F\000u\000t\000u\000r\000e\000\040\000W\000o\000r\000k}{}% 50
\BOOKMARK [2][-]{subsection.7.1}{\376\377\000M\000u\000l\000t\000i\000-\000C\000h\000a\000i\000n\000\040\000I\000m\000p\000l\000i\000c\000a\000t\000i\000o\000n\000s}{section.7}% 51
\BOOKMARK [2][-]{subsection.7.2}{\376\377\000L\000i\000m\000i\000t\000a\000t\000i\000o\000n\000s\000\040\000a\000n\000d\000\040\000F\000u\000t\000u\000r\000e\000\040\000W\000o\000r\000k}{section.7}% 52
\BOOKMARK [2][-]{subsection.7.3}{\376\377\000P\000o\000t\000e\000n\000t\000i\000a\000l\000\040\000A\000t\000t\000a\000c\000k\000s\000\040\000a\000n\000d\000\040\000C\000o\000u\000n\000t\000e\000r\000m\000e\000a\000s\000u\000r\000e\000s}{section.7}% 53
\BOOKMARK [3][-]{subsubsection.7.3.1}{\376\377\000O\000r\000a\000c\000l\000e\000\040\000P\000o\000i\000s\000o\000n\000i\000n\000g\000\040\000A\000t\000t\000a\000c\000k\000s}{subsection.7.3}% 54
\BOOKMARK [3][-]{subsubsection.7.3.2}{\376\377\000S\000i\000d\000e\000-\000C\000h\000a\000n\000n\000e\000l\000\040\000T\000i\000m\000i\000n\000g\000\040\000A\000t\000t\000a\000c\000k\000s}{subsection.7.3}% 55
\BOOKMARK [3][-]{subsubsection.7.3.3}{\376\377\000A\000d\000v\000e\000r\000s\000a\000r\000i\000a\000l\000\040\000S\000i\000g\000n\000a\000t\000u\000r\000e\000\040\000F\000o\000r\000g\000e\000r\000y}{subsection.7.3}% 56
\BOOKMARK [3][-]{subsubsection.7.3.4}{\376\377\000A\000I\000-\000E\000n\000h\000a\000n\000c\000e\000d\000\040\000Q\000u\000a\000n\000t\000u\000m\000\040\000O\000p\000t\000i\000m\000i\000z\000a\000t\000i\000o\000n}{subsection.7.3}% 57
\BOOKMARK [3][-]{subsubsection.7.3.5}{\376\377\000D\000e\000f\000e\000n\000s\000i\000v\000e\000\040\000C\000o\000u\000n\000t\000e\000r\000m\000e\000a\000s\000u\000r\000e\000s}{subsection.7.3}% 58
\BOOKMARK [1][-]{section.8}{\376\377\000C\000o\000n\000c\000l\000u\000s\000i\000o\000n\000s}{}% 59
\BOOKMARK [1][-]{appendix.A}{\376\377\000P\000r\000o\000o\000f\000\040\000D\000e\000t\000a\000i\000l\000s}{}% 60
\BOOKMARK [2][-]{subsection.A.1}{\376\377\000E\000U\000-\000C\000M\000A\000\040\000R\000e\000d\000u\000c\000t\000i\000o\000n\000\040\000P\000r\000o\000o\000f}{appendix.A}% 61
\BOOKMARK [3][-]{subsubsection.A.1.1}{\376\377\000I\000n\000t\000e\000r\000m\000e\000d\000i\000a\000t\000e\000\040\000L\000e\000m\000m\000a\000s}{subsection.A.1}% 62
\BOOKMARK [3][-]{subsubsection.A.1.2}{\376\377\000M\000a\000i\000n\000\040\000R\000e\000d\000u\000c\000t\000i\000o\000n}{subsection.A.1}% 63
\BOOKMARK [2][-]{subsection.A.2}{\376\377\000A\000l\000g\000o\000r\000i\000t\000h\000m\000\040\000C\000o\000m\000p\000l\000e\000x\000i\000t\000y}{appendix.A}% 64
\BOOKMARK [1][-]{appendix.B}{\376\377\000I\000n\000t\000e\000r\000a\000c\000t\000i\000v\000e\000\040\000V\000i\000s\000u\000a\000l\000i\000z\000a\000t\000i\000o\000n\000\040\000T\000o\000o\000l}{}% 65
